**********************
Windows PowerShell transcript start
Start time: 20260308132834
Username: DESKTOP-J9GMHEA\abd_z
RunAs User: DESKTOP-J9GMHEA\abd_z
Configuration Name: 
Machine: DESKTOP-J9GMHEA (Microsoft Windows NT 10.0.26200.0)
Host Application: powershell.exe -ExecutionPolicy Bypass -File C:\tradingbot\scripts\run_close.ps1
Process ID: 5344
PSVersion: 5.1.26100.7705
PSEdition: Desktop
PSCompatibleVersions: 1.0, 2.0, 3.0, 4.0, 5.0, 5.1.26100.7705
BuildVersion: 10.0.26100.7705
CLRVersion: 4.0.30319.42000
WSManStackVersion: 3.0
PSRemotingProtocolVersion: 2.3
SerializationVersion: 1.1.0.1
**********************
Transcript started, output file is C:\tradingbot\logs\close_20260308_132834.log
==================================
TradingBot - Close Scan
Started: 2026-03-08 13:28:34
==================================

[REAL DATA] Close Scan Complete
>> Watchlist: outputs/close_watchlist.csv
>> Playbook:  outputs/close_playbook.md
>> Archived to: outputs/archive/2026-03-08/

==================================
Close Scan Completed Successfully
Finished: 2026-03-08 13:28:43
==================================
**********************
Windows PowerShell transcript end
End time: 20260308132843
**********************
