**********************
Windows PowerShell transcript start
Start time: 20260306120002
Username: DESKTOP-J9GMHEA\abd_z
RunAs User: DESKTOP-J9GMHEA\abd_z
Configuration Name: 
Machine: DESKTOP-J9GMHEA (Microsoft Windows NT 10.0.26200.0)
Host Application: powershell.exe -ExecutionPolicy Bypass -File C:\tradingbot\scripts\run_midday.ps1
Process ID: 35360
PSVersion: 5.1.26100.7705
PSEdition: Desktop
PSCompatibleVersions: 1.0, 2.0, 3.0, 4.0, 5.0, 5.1.26100.7705
BuildVersion: 10.0.26100.7705
CLRVersion: 4.0.30319.42000
WSManStackVersion: 3.0
PSRemotingProtocolVersion: 2.3
SerializationVersion: 1.1.0.1
**********************
Transcript started, output file is C:\tradingbot\logs\midday_20260306_120002.log
==================================
TradingBot - Midday Scan
Started: 2026-03-06 12:00:02
==================================

[REAL DATA] Midday Scan Complete
>> Watchlist: outputs/midday_watchlist.csv
>> Playbook:  outputs/midday_playbook.md
>> Archived to: outputs/archive/2026-03-06/

==================================
Midday Scan Completed Successfully
Finished: 2026-03-06 12:00:07
==================================
**********************
Windows PowerShell transcript end
End time: 20260306120007
**********************
