**********************
Windows PowerShell transcript start
Start time: 20260310141557
Username: DESKTOP-J9GMHEA\abd_z
RunAs User: DESKTOP-J9GMHEA\abd_z
Configuration Name: 
Machine: DESKTOP-J9GMHEA (Microsoft Windows NT 10.0.26200.0)
Host Application: powershell.exe -ExecutionPolicy Bypass -File C:\tradingbot\scripts\run_morning.ps1
Process ID: 45944
PSVersion: 5.1.26100.7705
PSEdition: Desktop
PSCompatibleVersions: 1.0, 2.0, 3.0, 4.0, 5.0, 5.1.26100.7705
BuildVersion: 10.0.26100.7705
CLRVersion: 4.0.30319.42000
WSManStackVersion: 3.0
PSRemotingProtocolVersion: 2.3
SerializationVersion: 1.1.0.1
**********************
Transcript started, output file is C:\tradingbot\logs\morning_20260310_141556.log
==================================
TradingBot - Morning Pre-Market Scan
Started: 2026-03-10 14:15:57
==================================

[REAL DATA] Morning Pre-Market Scan Complete
>> Watchlist: outputs/morning_watchlist.csv
>> Playbook:  outputs/morning_playbook.md
>> Archived to: outputs/archive/2026-03-10/

==================================
Morning Scan Completed Successfully
Finished: 2026-03-10 14:16:05
==================================
**********************
Windows PowerShell transcript end
End time: 20260310141605
**********************
