**********************
Windows PowerShell transcript start
Start time: 20260306112557
Username: DESKTOP-J9GMHEA\abd_z
RunAs User: DESKTOP-J9GMHEA\abd_z
Configuration Name: 
Machine: DESKTOP-J9GMHEA (Microsoft Windows NT 10.0.26200.0)
Host Application: C:\WINDOWS\System32\WindowsPowerShell\v1.0\powershell.exe -ExecutionPolicy Bypass -File C:\tradingbot\scripts\run_news.ps1
Process ID: 38048
PSVersion: 5.1.26100.7705
PSEdition: Desktop
PSCompatibleVersions: 1.0, 2.0, 3.0, 4.0, 5.0, 5.1.26100.7705
BuildVersion: 10.0.26100.7705
CLRVersion: 4.0.30319.42000
WSManStackVersion: 3.0
PSRemotingProtocolVersion: 2.3
SerializationVersion: 1.1.0.1
**********************
Transcript started, output file is C:\tradingbot\logs\news_20260306_112557.log
==================================
TradingBot - News Research
Started: 2026-03-06 11:25:57
==================================


==================================
News Research Completed Successfully
Finished: 2026-03-06 11:26:04
==================================
**********************
Windows PowerShell transcript end
End time: 20260306112604
**********************
